<?xml version="1.0" encoding="UTF-8"?>
<!-- Generated by org.testng.reporters.JUnitXMLReporter -->
<testsuite hostname="LAPTOP-US8BMKVS" ignored="1" name="Default test" tests="1" failures="0" timestamp="2022-12-27T21:56:58 IST" time="6.773" errors="0">
  <testcase name="loginPageNavigationTest" time="0.414" classname="tests.LoginPageTest"/>
  <testcase name="loginPageNavigationTestWithExcel" time="0.0" classname="tests.LoginPageTest">
    <ignored/>
  </testcase> <!-- loginPageNavigationTestWithExcel -->
</testsuite> <!-- Default test -->
