<?xml version="1.0" encoding="UTF-8"?>
<!-- Generated by org.testng.reporters.JUnitXMLReporter -->
<testsuite hostname="LAPTOP-US8BMKVS" ignored="0" name="Test" tests="5" failures="1" timestamp="2022-12-27T21:37:57 IST" time="11.95" errors="0">
  <testcase name="loginPageNavigationTestWithExcel" time="0.691" classname="tests.LoginPageTest"/>
  <testcase name="loginPageNavigationTestWithExcel" time="0.214" classname="tests.LoginPageTest">
    <failure type="java.lang.AssertionError" message="expected [true] but found [false]">
      <![CDATA[java.lang.AssertionError: expected [true] but found [false]
at tests.LoginPageTest.loginPageNavigationTestWithExcel(LoginPageTest.java:42)
at java.util.ArrayList.forEach(ArrayList.java:1259)
... Removed 31 stack frames]]>
    </failure>
  </testcase> <!-- loginPageNavigationTestWithExcel -->
  <testcase name="loginPageNavigationTestWithExcel" time="0.338" classname="tests.LoginPageTest"/>
  <testcase name="loginPageNavigationTestWithExcel" time="5.382" classname="tests.LoginPageTest"/>
  <testcase name="loginPageNavigationTest" time="0.279" classname="tests.LoginPageTest"/>
</testsuite> <!-- Test -->
